# JRE version: OpenJDK Runtime Environment (8.0_76-b03) (build 1.8.0_76-release-b03)
# Java VM: OpenJDK 64-Bit Server VM (25.76-b03 mixed mode windows-amd64 compressed oops)
Heap:
 PSYoungGen      total 85504K, used 17687K [0x00000000e0000000, 0x00000000e5f00000, 0x0000000100000000)
  eden space 74240K, 15% used [0x00000000e0000000,0x00000000e0b62a38,0x00000000e4880000)
  from space 11264K, 53% used [0x00000000e5300000,0x00000000e58e3598,0x00000000e5e00000)
  to   space 10752K, 0% used [0x00000000e4880000,0x00000000e4880000,0x00000000e5300000)
 ParOldGen       total 110592K, used 17841K [0x00000000a0000000, 0x00000000a6c00000, 0x00000000e0000000)
  object space 110592K, 16% used [0x00000000a0000000,0x00000000a116c4d8,0x00000000a6c00000)
 Metaspace       used 38442K, capacity 39314K, committed 39720K, reserved 1083392K
  class space    used 5086K, capacity 5318K, committed 5424K, reserved 1048576K
GC Heap History (10 events):
Event: 9.751 GC heap before
{Heap before GC invocations=8 (full 1):
 PSYoungGen      total 55296K, used 51312K [0x00000000e0000000, 0x00000000e4100000, 0x0000000100000000)
  eden space 46080K, 100% used [0x00000000e0000000,0x00000000e2d00000,0x00000000e2d00000)
  from space 9216K, 56% used [0x00000000e3800000,0x00000000e3d1c2e8,0x00000000e4100000)
  to   space 10240K, 0% used [0x00000000e2d00000,0x00000000e2d00000,0x00000000e3700000)
 ParOldGen       total 67072K, used 8694K [0x00000000a0000000, 0x00000000a4180000, 0x00000000e0000000)
  object space 67072K, 12% used [0x00000000a0000000,0x00000000a087d830,0x00000000a4180000)
 Metaspace       used 28149K, capacity 28720K, committed 28848K, reserved 1075200K
  class space    used 3858K, capacity 4005K, committed 4016K, reserved 1048576K
Event: 9.760 GC heap after
Heap after GC invocations=8 (full 1):
 PSYoungGen      total 56320K, used 5439K [0x00000000e0000000, 0x00000000e5180000, 0x0000000100000000)
  eden space 46080K, 0% used [0x00000000e0000000,0x00000000e0000000,0x00000000e2d00000)
  from space 10240K, 53% used [0x00000000e2d00000,0x00000000e324fe58,0x00000000e3700000)
  to   space 10240K, 0% used [0x00000000e4780000,0x00000000e4780000,0x00000000e5180000)
 ParOldGen       total 67072K, used 8702K [0x00000000a0000000, 0x00000000a4180000, 0x00000000e0000000)
  object space 67072K, 12% used [0x00000000a0000000,0x00000000a087f830,0x00000000a4180000)
 Metaspace       used 28149K, capacity 28720K, committed 28848K, reserved 1075200K
  class space    used 3858K, capacity 4005K, committed 4016K, reserved 1048576K
}
Event: 11.433 GC heap before
{Heap before GC invocations=9 (full 1):
 PSYoungGen      total 56320K, used 51519K [0x00000000e0000000, 0x00000000e5180000, 0x0000000100000000)
  eden space 46080K, 100% used [0x00000000e0000000,0x00000000e2d00000,0x00000000e2d00000)
  from space 10240K, 53% used [0x00000000e2d00000,0x00000000e324fe58,0x00000000e3700000)
  to   space 10240K, 0% used [0x00000000e4780000,0x00000000e4780000,0x00000000e5180000)
 ParOldGen       total 67072K, used 8702K [0x00000000a0000000, 0x00000000a4180000, 0x00000000e0000000)
  object space 67072K, 12% used [0x00000000a0000000,0x00000000a087f830,0x00000000a4180000)
 Metaspace       used 28660K, capacity 29296K, committed 29488K, reserved 1075200K
  class space    used 3891K, capacity 4069K, committed 4144K, reserved 1048576K
Event: 11.440 GC heap after
Heap after GC invocations=9 (full 1):
 PSYoungGen      total 69120K, used 4384K [0x00000000e0000000, 0x00000000e4f00000, 0x0000000100000000)
  eden space 61440K, 0% used [0x00000000e0000000,0x00000000e0000000,0x00000000e3c00000)
  from space 7680K, 57% used [0x00000000e4780000,0x00000000e4bc8020,0x00000000e4f00000)
  to   space 9728K, 0% used [0x00000000e3c00000,0x00000000e3c00000,0x00000000e4580000)
 ParOldGen       total 67072K, used 8710K [0x00000000a0000000, 0x00000000a4180000, 0x00000000e0000000)
  object space 67072K, 12% used [0x00000000a0000000,0x00000000a0881830,0x00000000a4180000)
 Metaspace       used 28660K, capacity 29296K, committed 29488K, reserved 1075200K
  class space    used 3891K, capacity 4069K, committed 4144K, reserved 1048576K
}
Event: 13.781 GC heap before
{Heap before GC invocations=10 (full 1):
 PSYoungGen      total 69120K, used 46839K [0x00000000e0000000, 0x00000000e4f00000, 0x0000000100000000)
  eden space 61440K, 69% used [0x00000000e0000000,0x00000000e2975e78,0x00000000e3c00000)
  from space 7680K, 57% used [0x00000000e4780000,0x00000000e4bc8020,0x00000000e4f00000)
  to   space 9728K, 0% used [0x00000000e3c00000,0x00000000e3c00000,0x00000000e4580000)
 ParOldGen       total 67072K, used 8710K [0x00000000a0000000, 0x00000000a4180000, 0x00000000e0000000)
  object space 67072K, 12% used [0x00000000a0000000,0x00000000a0881830,0x00000000a4180000)
 Metaspace       used 34612K, capacity 35330K, committed 35496K, reserved 1079296K
  class space    used 4601K, capacity 4761K, committed 4784K, reserved 1048576K
Event: 13.798 GC heap after
Heap after GC invocations=10 (full 1):
 PSYoungGen      total 71168K, used 9725K [0x00000000e0000000, 0x00000000e5e00000, 0x0000000100000000)
  eden space 61440K, 0% used [0x00000000e0000000,0x00000000e0000000,0x00000000e3c00000)
  from space 9728K, 99% used [0x00000000e3c00000,0x00000000e457f538,0x00000000e4580000)
  to   space 11264K, 0% used [0x00000000e5300000,0x00000000e5300000,0x00000000e5e00000)
 ParOldGen       total 67072K, used 9487K [0x00000000a0000000, 0x00000000a4180000, 0x00000000e0000000)
  object space 67072K, 14% used [0x00000000a0000000,0x00000000a0943e58,0x00000000a4180000)
 Metaspace       used 34612K, capacity 35330K, committed 35496K, reserved 1079296K
  class space    used 4601K, capacity 4761K, committed 4784K, reserved 1048576K
}
Event: 13.799 GC heap before
{Heap before GC invocations=11 (full 2):
 PSYoungGen      total 71168K, used 9725K [0x00000000e0000000, 0x00000000e5e00000, 0x0000000100000000)
  eden space 61440K, 0% used [0x00000000e0000000,0x00000000e0000000,0x00000000e3c00000)
  from space 9728K, 99% used [0x00000000e3c00000,0x00000000e457f538,0x00000000e4580000)
  to   space 11264K, 0% used [0x00000000e5300000,0x00000000e5300000,0x00000000e5e00000)
 ParOldGen       total 67072K, used 9487K [0x00000000a0000000, 0x00000000a4180000, 0x00000000e0000000)
  object space 67072K, 14% used [0x00000000a0000000,0x00000000a0943e58,0x00000000a4180000)
 Metaspace       used 34612K, capacity 35330K, committed 35496K, reserved 1079296K
  class space    used 4601K, capacity 4761K, committed 4784K, reserved 1048576K
Event: 13.905 GC heap after
Heap after GC invocations=11 (full 2):
 PSYoungGen      total 71168K, used 0K [0x00000000e0000000, 0x00000000e5e00000, 0x0000000100000000)
  eden space 61440K, 0% used [0x00000000e0000000,0x00000000e0000000,0x00000000e3c00000)
  from space 9728K, 0% used [0x00000000e3c00000,0x00000000e3c00000,0x00000000e4580000)
  to   space 11264K, 0% used [0x00000000e5300000,0x00000000e5300000,0x00000000e5e00000)
 ParOldGen       total 110592K, used 17833K [0x00000000a0000000, 0x00000000a6c00000, 0x00000000e0000000)
  object space 110592K, 16% used [0x00000000a0000000,0x00000000a116a4d8,0x00000000a6c00000)
 Metaspace       used 34586K, capacity 35242K, committed 35496K, reserved 1079296K
  class space    used 4593K, capacity 4753K, committed 4784K, reserved 1048576K
}
Event: 15.539 GC heap before
{Heap before GC invocations=12 (full 2):
 PSYoungGen      total 71168K, used 61440K [0x00000000e0000000, 0x00000000e5e00000, 0x0000000100000000)
  eden space 61440K, 100% used [0x00000000e0000000,0x00000000e3c00000,0x00000000e3c00000)
  from space 9728K, 0% used [0x00000000e3c00000,0x00000000e3c00000,0x00000000e4580000)
  to   space 11264K, 0% used [0x00000000e5300000,0x00000000e5300000,0x00000000e5e00000)
 ParOldGen       total 110592K, used 17833K [0x00000000a0000000, 0x00000000a6c00000, 0x00000000e0000000)
  object space 110592K, 16% used [0x00000000a0000000,0x00000000a116a4d8,0x00000000a6c00000)
 Metaspace       used 38085K, capacity 38834K, committed 39080K, reserved 1083392K
  class space    used 5028K, capacity 5243K, committed 5296K, reserved 1048576K
Event: 15.560 GC heap after
Heap after GC invocations=12 (full 2):
 PSYoungGen      total 85504K, used 6029K [0x00000000e0000000, 0x00000000e5f00000, 0x0000000100000000)
  eden space 74240K, 0% used [0x00000000e0000000,0x00000000e0000000,0x00000000e4880000)
  from space 11264K, 53% used [0x00000000e5300000,0x00000000e58e3598,0x00000000e5e00000)
  to   space 10752K, 0% used [0x00000000e4880000,0x00000000e4880000,0x00000000e5300000)
 ParOldGen       total 110592K, used 17841K [0x00000000a0000000, 0x00000000a6c00000, 0x00000000e0000000)
  object space 110592K, 16% used [0x00000000a0000000,0x00000000a116c4d8,0x00000000a6c00000)
 Metaspace       used 38085K, capacity 38834K, committed 39080K, reserved 1083392K
  class space    used 5028K, capacity 5243K, committed 5296K, reserved 1048576K
}

